composeApp/build/intermediates/manifest_merge_blame_file/release/processReleaseMainManifest/manifest-merger-blame-release-report.txt
1<?xml version="1.0" encoding="utf-8"?>
2<manifest xmlns:android="http://schemas.android.com/apk/res/android"
3    package="com.bdjr.mercapp"
4    android:versionCode="1"
5    android:versionName="1.0" >
6
7    <uses-sdk
8        android:minSdkVersion="24"
9        android:targetSdkVersion="36" />
10
11    <permission
11-->[androidx.core:core:1.16.0] AndroidManifest.xml:22:5-24:47
12        android:name="com.bdjr.mercapp.DYNAMIC_RECEIVER_NOT_EXPORTED_PERMISSION"
12-->[androidx.core:core:1.16.0] AndroidManifest.xml:23:9-81
13        android:protectionLevel="signature" />
13-->[androidx.core:core:1.16.0] AndroidManifest.xml:24:9-44
14
15    <uses-permission android:name="com.bdjr.mercapp.DYNAMIC_RECEIVER_NOT_EXPORTED_PERMISSION" />
15-->[androidx.core:core:1.16.0] AndroidManifest.xml:26:5-97
15-->[androidx.core:core:1.16.0] AndroidManifest.xml:26:22-94
16    <uses-permission android:name="android.permission.INTERNET" />
16-->[com.squareup.okhttp3:okhttp-android:5.2.1] AndroidManifest.xml:8:5-67
16-->[com.squareup.okhttp3:okhttp-android:5.2.1] AndroidManifest.xml:8:22-64
17
18    <application
18-->src/androidMain/AndroidManifest.xml:4:5-20:19
19        android:allowBackup="true"
19-->src/androidMain/AndroidManifest.xml:5:9-35
20        android:appComponentFactory="androidx.core.app.CoreComponentFactory"
20-->[androidx.core:core:1.16.0] AndroidManifest.xml:28:18-86
21        android:extractNativeLibs="false"
22        android:icon="@mipmap/ic_launcher"
22-->src/androidMain/AndroidManifest.xml:6:9-43
23        android:label="@string/app_name"
23-->src/androidMain/AndroidManifest.xml:7:9-41
24        android:roundIcon="@mipmap/ic_launcher_round"
24-->src/androidMain/AndroidManifest.xml:8:9-54
25        android:supportsRtl="true"
25-->src/androidMain/AndroidManifest.xml:9:9-35
26        android:theme="@android:style/Theme.Material.Light.NoActionBar" >
26-->src/androidMain/AndroidManifest.xml:10:9-72
27        <activity
27-->src/androidMain/AndroidManifest.xml:11:9-19:20
28            android:name="com.bdjr.mercapp.MainActivity"
28-->src/androidMain/AndroidManifest.xml:13:13-41
29            android:exported="true" >
29-->src/androidMain/AndroidManifest.xml:12:13-36
30            <intent-filter>
30-->src/androidMain/AndroidManifest.xml:14:13-18:29
31                <action android:name="android.intent.action.MAIN" />
31-->src/androidMain/AndroidManifest.xml:15:17-69
31-->src/androidMain/AndroidManifest.xml:15:25-66
32
33                <category android:name="android.intent.category.LAUNCHER" />
33-->src/androidMain/AndroidManifest.xml:17:17-77
33-->src/androidMain/AndroidManifest.xml:17:27-74
34            </intent-filter>
35        </activity>
36
37        <provider
37-->[org.jetbrains.compose.components:components-resources-android:1.10.0] AndroidManifest.xml:8:9-13:20
38            android:name="org.jetbrains.compose.resources.AndroidContextProvider"
38-->[org.jetbrains.compose.components:components-resources-android:1.10.0] AndroidManifest.xml:9:13-82
39            android:authorities="com.bdjr.mercapp.resources.AndroidContextProvider"
39-->[org.jetbrains.compose.components:components-resources-android:1.10.0] AndroidManifest.xml:10:13-84
40            android:enabled="true"
40-->[org.jetbrains.compose.components:components-resources-android:1.10.0] AndroidManifest.xml:11:13-35
41            android:exported="false" >
41-->[org.jetbrains.compose.components:components-resources-android:1.10.0] AndroidManifest.xml:12:13-37
42        </provider>
43        <provider
43-->[androidx.emoji2:emoji2:1.4.0] AndroidManifest.xml:24:9-32:20
44            android:name="androidx.startup.InitializationProvider"
44-->[androidx.emoji2:emoji2:1.4.0] AndroidManifest.xml:25:13-67
45            android:authorities="com.bdjr.mercapp.androidx-startup"
45-->[androidx.emoji2:emoji2:1.4.0] AndroidManifest.xml:26:13-68
46            android:exported="false" >
46-->[androidx.emoji2:emoji2:1.4.0] AndroidManifest.xml:27:13-37
47            <meta-data
47-->[androidx.emoji2:emoji2:1.4.0] AndroidManifest.xml:29:13-31:52
48                android:name="androidx.emoji2.text.EmojiCompatInitializer"
48-->[androidx.emoji2:emoji2:1.4.0] AndroidManifest.xml:30:17-75
49                android:value="androidx.startup" />
49-->[androidx.emoji2:emoji2:1.4.0] AndroidManifest.xml:31:17-49
50            <meta-data
50-->[androidx.lifecycle:lifecycle-process:2.9.4] AndroidManifest.xml:29:13-31:52
51                android:name="androidx.lifecycle.ProcessLifecycleInitializer"
51-->[androidx.lifecycle:lifecycle-process:2.9.4] AndroidManifest.xml:30:17-78
52                android:value="androidx.startup" />
52-->[androidx.lifecycle:lifecycle-process:2.9.4] AndroidManifest.xml:31:17-49
53            <meta-data
53-->[androidx.profileinstaller:profileinstaller:1.4.0] AndroidManifest.xml:29:13-31:52
54                android:name="androidx.profileinstaller.ProfileInstallerInitializer"
54-->[androidx.profileinstaller:profileinstaller:1.4.0] AndroidManifest.xml:30:17-85
55                android:value="androidx.startup" />
55-->[androidx.profileinstaller:profileinstaller:1.4.0] AndroidManifest.xml:31:17-49
56            <meta-data
56-->[com.squareup.okhttp3:okhttp-android:5.2.1] AndroidManifest.xml:16:13-18:52
57                android:name="okhttp3.internal.platform.PlatformInitializer"
57-->[com.squareup.okhttp3:okhttp-android:5.2.1] AndroidManifest.xml:17:17-77
58                android:value="androidx.startup" />
58-->[com.squareup.okhttp3:okhttp-android:5.2.1] AndroidManifest.xml:18:17-49
59        </provider>
60
61        <uses-library
61-->[androidx.window:window:1.5.0] AndroidManifest.xml:23:9-25:40
62            android:name="androidx.window.extensions"
62-->[androidx.window:window:1.5.0] AndroidManifest.xml:24:13-54
63            android:required="false" />
63-->[androidx.window:window:1.5.0] AndroidManifest.xml:25:13-37
64        <uses-library
64-->[androidx.window:window:1.5.0] AndroidManifest.xml:26:9-28:40
65            android:name="androidx.window.sidecar"
65-->[androidx.window:window:1.5.0] AndroidManifest.xml:27:13-51
66            android:required="false" />
66-->[androidx.window:window:1.5.0] AndroidManifest.xml:28:13-37
67
68        <receiver
68-->[androidx.profileinstaller:profileinstaller:1.4.0] AndroidManifest.xml:34:9-52:20
69            android:name="androidx.profileinstaller.ProfileInstallReceiver"
69-->[androidx.profileinstaller:profileinstaller:1.4.0] AndroidManifest.xml:35:13-76
70            android:directBootAware="false"
70-->[androidx.profileinstaller:profileinstaller:1.4.0] AndroidManifest.xml:36:13-44
71            android:enabled="true"
71-->[androidx.profileinstaller:profileinstaller:1.4.0] AndroidManifest.xml:37:13-35
72            android:exported="true"
72-->[androidx.profileinstaller:profileinstaller:1.4.0] AndroidManifest.xml:38:13-36
73            android:permission="android.permission.DUMP" >
73-->[androidx.profileinstaller:profileinstaller:1.4.0] AndroidManifest.xml:39:13-57
74            <intent-filter>
74-->[androidx.profileinstaller:profileinstaller:1.4.0] AndroidManifest.xml:40:13-42:29
75                <action android:name="androidx.profileinstaller.action.INSTALL_PROFILE" />
75-->[androidx.profileinstaller:profileinstaller:1.4.0] AndroidManifest.xml:41:17-91
75-->[androidx.profileinstaller:profileinstaller:1.4.0] AndroidManifest.xml:41:25-88
76            </intent-filter>
77            <intent-filter>
77-->[androidx.profileinstaller:profileinstaller:1.4.0] AndroidManifest.xml:43:13-45:29
78                <action android:name="androidx.profileinstaller.action.SKIP_FILE" />
78-->[androidx.profileinstaller:profileinstaller:1.4.0] AndroidManifest.xml:44:17-85
78-->[androidx.profileinstaller:profileinstaller:1.4.0] AndroidManifest.xml:44:25-82
79            </intent-filter>
80            <intent-filter>
80-->[androidx.profileinstaller:profileinstaller:1.4.0] AndroidManifest.xml:46:13-48:29
81                <action android:name="androidx.profileinstaller.action.SAVE_PROFILE" />
81-->[androidx.profileinstaller:profileinstaller:1.4.0] AndroidManifest.xml:47:17-88
81-->[androidx.profileinstaller:profileinstaller:1.4.0] AndroidManifest.xml:47:25-85
82            </intent-filter>
83            <intent-filter>
83-->[androidx.profileinstaller:profileinstaller:1.4.0] AndroidManifest.xml:49:13-51:29
84                <action android:name="androidx.profileinstaller.action.BENCHMARK_OPERATION" />
84-->[androidx.profileinstaller:profileinstaller:1.4.0] AndroidManifest.xml:50:17-95
84-->[androidx.profileinstaller:profileinstaller:1.4.0] AndroidManifest.xml:50:25-92
85            </intent-filter>
86        </receiver>
87    </application>
88
89</manifest>